  main.cpp
c:\users\user\desktop\c++\quadwithvisual\quadvisual\quadvisual\main.cpp(61): warning C4244: 'argument': conversion from 'int' to 'T', possible loss of data
          with
          [
              T=float
          ]
c:\users\user\desktop\c++\quadwithvisual\quadvisual\quadvisual\main.cpp(62): warning C4244: 'argument': conversion from 'const int' to 'float', possible loss of data
main.obj : error LNK2019: unresolved external symbol "public: __cdecl sf::String::String(char const *,class std::locale const &)" (??0String@sf@@QEAA@PEBDAEBVlocale@std@@@Z) referenced in function main
main.obj : error LNK2019: unresolved external symbol "public: __cdecl sf::VideoMode::VideoMode(unsigned int,unsigned int,unsigned int)" (??0VideoMode@sf@@QEAA@III@Z) referenced in function main
main.obj : error LNK2019: unresolved external symbol "public: bool __cdecl sf::WindowBase::isOpen(void)const " (?isOpen@WindowBase@sf@@QEBA_NXZ) referenced in function main
main.obj : error LNK2019: unresolved external symbol "public: bool __cdecl sf::WindowBase::pollEvent(class sf::Event &)" (?pollEvent@WindowBase@sf@@QEAA_NAEAVEvent@2@@Z) referenced in function main
main.obj : error LNK2019: unresolved external symbol "public: virtual void __cdecl sf::Window::close(void)" (?close@Window@sf@@UEAAXXZ) referenced in function main
main.obj : error LNK2019: unresolved external symbol "public: void __cdecl sf::Window::display(void)" (?display@Window@sf@@QEAAXXZ) referenced in function main
main.obj : error LNK2019: unresolved external symbol "public: __cdecl sf::RenderWindow::RenderWindow(class sf::VideoMode,class sf::String const &,unsigned int,struct sf::ContextSettings const &)" (??0RenderWindow@sf@@QEAA@VVideoMode@1@AEBVString@1@IAEBUContextSettings@1@@Z) referenced in function main
main.obj : error LNK2019: unresolved external symbol "public: virtual __cdecl sf::RenderWindow::~RenderWindow(void)" (??1RenderWindow@sf@@UEAA@XZ) referenced in function main
C:\Users\user\Desktop\C++\soft\SFML-2.6.1\lib\sfml-graphics-s-d.lib : warning LNK4272: library machine type 'x86' conflicts with target machine type 'x64'
C:\Users\user\Desktop\C++\soft\SFML-2.6.1\lib\sfml-window-s-d.lib : warning LNK4272: library machine type 'x86' conflicts with target machine type 'x64'
C:\Users\user\Desktop\C++\soft\SFML-2.6.1\lib\sfml-system-s-d.lib : warning LNK4272: library machine type 'x86' conflicts with target machine type 'x64'
C:\Users\user\Desktop\C++\soft\SFML-2.6.1\lib\sfml-audio-s-d.lib : warning LNK4272: library machine type 'x86' conflicts with target machine type 'x64'
C:\Users\user\Desktop\C++\soft\SFML-2.6.1\lib\freetype.lib : warning LNK4272: library machine type 'x86' conflicts with target machine type 'x64'
C:\Users\user\Desktop\C++\soft\SFML-2.6.1\lib\openal32.lib : warning LNK4272: library machine type 'x86' conflicts with target machine type 'x64'
C:\Users\user\Desktop\C++\soft\SFML-2.6.1\lib\flac.lib : warning LNK4272: library machine type 'x86' conflicts with target machine type 'x64'
C:\Users\user\Desktop\C++\soft\SFML-2.6.1\lib\vorbisenc.lib : warning LNK4272: library machine type 'x86' conflicts with target machine type 'x64'
C:\Users\user\Desktop\C++\soft\SFML-2.6.1\lib\vorbisfile.lib : warning LNK4272: library machine type 'x86' conflicts with target machine type 'x64'
C:\Users\user\Desktop\C++\soft\SFML-2.6.1\lib\vorbis.lib : warning LNK4272: library machine type 'x86' conflicts with target machine type 'x64'
C:\Users\user\Desktop\C++\soft\SFML-2.6.1\lib\ogg.lib : warning LNK4272: library machine type 'x86' conflicts with target machine type 'x64'
C:\Users\user\Desktop\C++\QuadWithVisual\QuadVisual\x64\Debug\QuadVisual.exe : fatal error LNK1120: 8 unresolved externals
