  main.cpp
c:\users\user\desktop\c++\quadwithvisual\quadvisual\quadvisual\main.cpp(311): warning C4244: 'argument': conversion from 'double' to 'PointType', possible loss of data
          with
          [
              PointType=DataType
          ]
c:\users\user\desktop\c++\quadwithvisual\quadvisual\quadvisual\main.cpp(313): warning C4244: 'argument': conversion from 'double' to 'PointType', possible loss of data
          with
          [
              PointType=DataType
          ]
c:\users\user\desktop\c++\quadwithvisual\quadvisual\quadvisual\main.cpp(313): warning C4244: 'argument': conversion from 'double' to 'NodeType', possible loss of data
          with
          [
              NodeType=DataType
          ]
c:\users\user\desktop\c++\quadwithvisual\quadvisual\quadvisual\main.cpp(314): warning C4244: 'argument': conversion from 'double' to 'PointType', possible loss of data
          with
          [
              PointType=DataType
          ]
c:\users\user\desktop\c++\quadwithvisual\quadvisual\quadvisual\main.cpp(314): warning C4244: 'argument': conversion from 'double' to 'NodeType', possible loss of data
          with
          [
              NodeType=DataType
          ]
c:\users\user\desktop\c++\quadwithvisual\quadvisual\quadvisual\main.cpp(315): warning C4244: 'argument': conversion from 'double' to 'PointType', possible loss of data
          with
          [
              PointType=DataType
          ]
c:\users\user\desktop\c++\quadwithvisual\quadvisual\quadvisual\main.cpp(315): warning C4244: 'argument': conversion from 'double' to 'NodeType', possible loss of data
          with
          [
              NodeType=DataType
          ]
c:\users\user\desktop\c++\quadwithvisual\quadvisual\quadvisual\main.cpp(316): warning C4244: 'argument': conversion from 'double' to 'PointType', possible loss of data
          with
          [
              PointType=DataType
          ]
c:\users\user\desktop\c++\quadwithvisual\quadvisual\quadvisual\main.cpp(316): warning C4244: 'argument': conversion from 'double' to 'NodeType', possible loss of data
          with
          [
              NodeType=DataType
          ]
c:\users\user\desktop\c++\quadwithvisual\quadvisual\quadvisual\main.cpp(317): warning C4244: 'argument': conversion from 'double' to 'PointType', possible loss of data
          with
          [
              PointType=DataType
          ]
c:\users\user\desktop\c++\quadwithvisual\quadvisual\quadvisual\main.cpp(317): warning C4244: 'argument': conversion from 'double' to 'NodeType', possible loss of data
          with
          [
              NodeType=DataType
          ]
c:\users\user\desktop\c++\quadwithvisual\quadvisual\quadvisual\main.cpp(318): warning C4244: 'argument': conversion from 'double' to 'PointType', possible loss of data
          with
          [
              PointType=DataType
          ]
c:\users\user\desktop\c++\quadwithvisual\quadvisual\quadvisual\main.cpp(318): warning C4244: 'argument': conversion from 'double' to 'NodeType', possible loss of data
          with
          [
              NodeType=DataType
          ]
c:\users\user\desktop\c++\quadwithvisual\quadvisual\quadvisual\main.cpp(319): warning C4244: 'argument': conversion from 'double' to 'PointType', possible loss of data
          with
          [
              PointType=DataType
          ]
c:\users\user\desktop\c++\quadwithvisual\quadvisual\quadvisual\main.cpp(319): warning C4244: 'argument': conversion from 'double' to 'NodeType', possible loss of data
          with
          [
              NodeType=DataType
          ]
c:\users\user\desktop\c++\quadwithvisual\quadvisual\quadvisual\main.cpp(320): warning C4244: 'argument': conversion from 'double' to 'PointType', possible loss of data
          with
          [
              PointType=DataType
          ]
c:\users\user\desktop\c++\quadwithvisual\quadvisual\quadvisual\main.cpp(320): warning C4244: 'argument': conversion from 'double' to 'NodeType', possible loss of data
          with
          [
              NodeType=DataType
          ]
c:\users\user\desktop\c++\quadwithvisual\quadvisual\quadvisual\main.cpp(321): warning C4244: 'argument': conversion from 'double' to 'PointType', possible loss of data
          with
          [
              PointType=DataType
          ]
c:\users\user\desktop\c++\quadwithvisual\quadvisual\quadvisual\main.cpp(321): warning C4244: 'argument': conversion from 'double' to 'NodeType', possible loss of data
          with
          [
              NodeType=DataType
          ]
c:\users\user\desktop\c++\quadwithvisual\quadvisual\quadvisual\main.cpp(322): warning C4244: 'argument': conversion from 'double' to 'PointType', possible loss of data
          with
          [
              PointType=DataType
          ]
c:\users\user\desktop\c++\quadwithvisual\quadvisual\quadvisual\main.cpp(322): warning C4244: 'argument': conversion from 'double' to 'NodeType', possible loss of data
          with
          [
              NodeType=DataType
          ]
c:\users\user\desktop\c++\quadwithvisual\quadvisual\quadvisual\main.cpp(323): warning C4244: 'argument': conversion from 'double' to 'PointType', possible loss of data
          with
          [
              PointType=DataType
          ]
c:\users\user\desktop\c++\quadwithvisual\quadvisual\quadvisual\main.cpp(323): warning C4244: 'argument': conversion from 'double' to 'NodeType', possible loss of data
          with
          [
              NodeType=DataType
          ]
c:\users\user\desktop\c++\quadwithvisual\quadvisual\quadvisual\main.cpp(324): warning C4244: 'argument': conversion from 'double' to 'PointType', possible loss of data
          with
          [
              PointType=DataType
          ]
c:\users\user\desktop\c++\quadwithvisual\quadvisual\quadvisual\main.cpp(324): warning C4244: 'argument': conversion from 'double' to 'NodeType', possible loss of data
          with
          [
              NodeType=DataType
          ]
c:\users\user\desktop\c++\quadwithvisual\quadvisual\quadvisual\main.cpp(325): warning C4244: 'argument': conversion from 'double' to 'PointType', possible loss of data
          with
          [
              PointType=DataType
          ]
c:\users\user\desktop\c++\quadwithvisual\quadvisual\quadvisual\main.cpp(325): warning C4244: 'argument': conversion from 'double' to 'NodeType', possible loss of data
          with
          [
              NodeType=DataType
          ]
c:\users\user\desktop\c++\quadwithvisual\quadvisual\quadvisual\main.cpp(326): warning C4244: 'argument': conversion from 'double' to 'PointType', possible loss of data
          with
          [
              PointType=DataType
          ]
c:\users\user\desktop\c++\quadwithvisual\quadvisual\quadvisual\main.cpp(326): warning C4244: 'argument': conversion from 'double' to 'NodeType', possible loss of data
          with
          [
              NodeType=DataType
          ]
c:\users\user\desktop\c++\quadwithvisual\quadvisual\quadvisual\main.cpp(327): warning C4244: 'argument': conversion from 'double' to 'PointType', possible loss of data
          with
          [
              PointType=DataType
          ]
c:\users\user\desktop\c++\quadwithvisual\quadvisual\quadvisual\main.cpp(327): warning C4244: 'argument': conversion from 'double' to 'NodeType', possible loss of data
          with
          [
              NodeType=DataType
          ]
c:\users\user\desktop\c++\quadwithvisual\quadvisual\quadvisual\main.cpp(328): warning C4244: 'argument': conversion from 'double' to 'PointType', possible loss of data
          with
          [
              PointType=DataType
          ]
c:\users\user\desktop\c++\quadwithvisual\quadvisual\quadvisual\main.cpp(328): warning C4244: 'argument': conversion from 'double' to 'NodeType', possible loss of data
          with
          [
              NodeType=DataType
          ]
c:\users\user\desktop\c++\quadwithvisual\quadvisual\quadvisual\main.cpp(329): warning C4244: 'argument': conversion from 'double' to 'PointType', possible loss of data
          with
          [
              PointType=DataType
          ]
c:\users\user\desktop\c++\quadwithvisual\quadvisual\quadvisual\main.cpp(329): warning C4244: 'argument': conversion from 'double' to 'NodeType', possible loss of data
          with
          [
              NodeType=DataType
          ]
c:\users\user\desktop\c++\quadwithvisual\quadvisual\quadvisual\main.cpp(330): warning C4244: 'argument': conversion from 'double' to 'PointType', possible loss of data
          with
          [
              PointType=DataType
          ]
c:\users\user\desktop\c++\quadwithvisual\quadvisual\quadvisual\main.cpp(330): warning C4244: 'argument': conversion from 'double' to 'NodeType', possible loss of data
          with
          [
              NodeType=DataType
          ]
c:\users\user\desktop\c++\quadwithvisual\quadvisual\quadvisual\main.cpp(331): warning C4244: 'argument': conversion from 'double' to 'PointType', possible loss of data
          with
          [
              PointType=DataType
          ]
c:\users\user\desktop\c++\quadwithvisual\quadvisual\quadvisual\main.cpp(331): warning C4244: 'argument': conversion from 'double' to 'NodeType', possible loss of data
          with
          [
              NodeType=DataType
          ]
c:\users\user\desktop\c++\quadwithvisual\quadvisual\quadvisual\main.cpp(332): warning C4244: 'argument': conversion from 'double' to 'PointType', possible loss of data
          with
          [
              PointType=DataType
          ]
c:\users\user\desktop\c++\quadwithvisual\quadvisual\quadvisual\main.cpp(332): warning C4244: 'argument': conversion from 'double' to 'NodeType', possible loss of data
          with
          [
              NodeType=DataType
          ]
c:\users\user\desktop\c++\quadwithvisual\quadvisual\quadvisual\main.cpp(333): warning C4244: 'argument': conversion from 'double' to 'PointType', possible loss of data
          with
          [
              PointType=DataType
          ]
c:\users\user\desktop\c++\quadwithvisual\quadvisual\quadvisual\main.cpp(333): warning C4244: 'argument': conversion from 'double' to 'NodeType', possible loss of data
          with
          [
              NodeType=DataType
          ]
c:\users\user\desktop\c++\quadwithvisual\quadvisual\quadvisual\main.cpp(334): warning C4244: 'argument': conversion from 'double' to 'PointType', possible loss of data
          with
          [
              PointType=DataType
          ]
c:\users\user\desktop\c++\quadwithvisual\quadvisual\quadvisual\main.cpp(334): warning C4244: 'argument': conversion from 'double' to 'NodeType', possible loss of data
          with
          [
              NodeType=DataType
          ]
c:\users\user\desktop\c++\quadwithvisual\quadvisual\quadvisual\main.cpp(335): warning C4244: 'argument': conversion from 'double' to 'PointType', possible loss of data
          with
          [
              PointType=DataType
          ]
c:\users\user\desktop\c++\quadwithvisual\quadvisual\quadvisual\main.cpp(335): warning C4244: 'argument': conversion from 'double' to 'NodeType', possible loss of data
          with
          [
              NodeType=DataType
          ]
c:\users\user\desktop\c++\quadwithvisual\quadvisual\quadvisual\main.cpp(336): warning C4244: 'argument': conversion from 'double' to 'PointType', possible loss of data
          with
          [
              PointType=DataType
          ]
c:\users\user\desktop\c++\quadwithvisual\quadvisual\quadvisual\main.cpp(336): warning C4244: 'argument': conversion from 'double' to 'NodeType', possible loss of data
          with
          [
              NodeType=DataType
          ]
c:\users\user\desktop\c++\quadwithvisual\quadvisual\quadvisual\main.cpp(337): warning C4244: 'argument': conversion from 'double' to 'PointType', possible loss of data
          with
          [
              PointType=DataType
          ]
c:\users\user\desktop\c++\quadwithvisual\quadvisual\quadvisual\main.cpp(337): warning C4244: 'argument': conversion from 'double' to 'NodeType', possible loss of data
          with
          [
              NodeType=DataType
          ]
c:\users\user\desktop\c++\quadwithvisual\quadvisual\quadvisual\main.cpp(338): warning C4244: 'argument': conversion from 'double' to 'PointType', possible loss of data
          with
          [
              PointType=DataType
          ]
c:\users\user\desktop\c++\quadwithvisual\quadvisual\quadvisual\main.cpp(338): warning C4244: 'argument': conversion from 'double' to 'NodeType', possible loss of data
          with
          [
              NodeType=DataType
          ]
c:\users\user\desktop\c++\quadwithvisual\quadvisual\quadvisual\main.cpp(339): warning C4244: 'argument': conversion from 'double' to 'PointType', possible loss of data
          with
          [
              PointType=DataType
          ]
c:\users\user\desktop\c++\quadwithvisual\quadvisual\quadvisual\main.cpp(339): warning C4244: 'argument': conversion from 'double' to 'NodeType', possible loss of data
          with
          [
              NodeType=DataType
          ]
c:\users\user\desktop\c++\quadwithvisual\quadvisual\quadvisual\main.cpp(340): warning C4244: 'argument': conversion from 'double' to 'PointType', possible loss of data
          with
          [
              PointType=DataType
          ]
c:\users\user\desktop\c++\quadwithvisual\quadvisual\quadvisual\main.cpp(340): warning C4244: 'argument': conversion from 'double' to 'NodeType', possible loss of data
          with
          [
              NodeType=DataType
          ]
c:\users\user\desktop\c++\quadwithvisual\quadvisual\quadvisual\main.cpp(341): warning C4244: 'argument': conversion from 'double' to 'PointType', possible loss of data
          with
          [
              PointType=DataType
          ]
c:\users\user\desktop\c++\quadwithvisual\quadvisual\quadvisual\main.cpp(341): warning C4244: 'argument': conversion from 'double' to 'NodeType', possible loss of data
          with
          [
              NodeType=DataType
          ]
c:\users\user\desktop\c++\quadwithvisual\quadvisual\quadvisual\main.cpp(342): warning C4244: 'argument': conversion from 'double' to 'PointType', possible loss of data
          with
          [
              PointType=DataType
          ]
c:\users\user\desktop\c++\quadwithvisual\quadvisual\quadvisual\main.cpp(342): warning C4244: 'argument': conversion from 'double' to 'NodeType', possible loss of data
          with
          [
              NodeType=DataType
          ]
c:\users\user\desktop\c++\quadwithvisual\quadvisual\quadvisual\main.cpp(343): warning C4244: 'argument': conversion from 'double' to 'PointType', possible loss of data
          with
          [
              PointType=DataType
          ]
c:\users\user\desktop\c++\quadwithvisual\quadvisual\quadvisual\main.cpp(343): warning C4244: 'argument': conversion from 'double' to 'NodeType', possible loss of data
          with
          [
              NodeType=DataType
          ]
c:\users\user\desktop\c++\quadwithvisual\quadvisual\quadvisual\main.cpp(376): warning C4244: 'argument': conversion from 'double' to 'PointType', possible loss of data
          with
          [
              PointType=DataType
          ]
c:\users\user\desktop\c++\quadwithvisual\quadvisual\quadvisual\main.cpp(379): warning C4244: 'argument': conversion from 'double' to 'PointType', possible loss of data
          with
          [
              PointType=DataType
          ]
c:\users\user\desktop\c++\quadwithvisual\quadvisual\quadvisual\main.cpp(382): warning C4244: 'argument': conversion from 'double' to 'PointType', possible loss of data
          with
          [
              PointType=DataType
          ]
c:\users\user\desktop\c++\quadwithvisual\quadvisual\quadvisual\main.cpp(385): warning C4244: 'argument': conversion from 'double' to 'PointType', possible loss of data
          with
          [
              PointType=DataType
          ]
c:\users\user\desktop\c++\quadwithvisual\quadvisual\quadvisual\main.cpp(77): warning C4244: 'argument': conversion from 'PointType' to 'T', possible loss of data
          with
          [
              PointType=DataType
          ]
          and
          [
              T=float
          ]
  c:\users\user\desktop\c++\quadwithvisual\quadvisual\quadvisual\main.cpp(73): note: while compiling class template member function 'void Quad<DataType>::drawRecursive(sf::RenderWindow &,sf::Font &,sf::Vector2i,Quad<DataType> *&,int) const'
  c:\users\user\desktop\c++\quadwithvisual\quadvisual\quadvisual\main.cpp(113): note: see reference to function template instantiation 'void Quad<DataType>::drawRecursive(sf::RenderWindow &,sf::Font &,sf::Vector2i,Quad<DataType> *&,int) const' being compiled
  c:\users\user\desktop\c++\quadwithvisual\quadvisual\quadvisual\main.cpp(311): note: see reference to class template instantiation 'Quad<DataType>' being compiled
c:\users\user\desktop\c++\quadwithvisual\quadvisual\quadvisual\main.cpp(78): warning C4244: 'argument': conversion from 'const PointType' to 'float', possible loss of data
          with
          [
              PointType=DataType
          ]
c:\users\user\desktop\c++\quadwithvisual\quadvisual\quadvisual\main.cpp(281): warning C4018: '<': signed/unsigned mismatch
  c:\users\user\desktop\c++\quadwithvisual\quadvisual\quadvisual\main.cpp(377): note: see reference to function template instantiation 'void PrintFindedVector<NodeType>(std::vector<Node<NodeType> *,std::allocator<_Ty>>,int)' being compiled
          with
          [
              NodeType=DataType,
              _Ty=Node<DataType> *
          ]
  QuadVisual.vcxproj -> C:\Users\user\Desktop\C++\QuadWithVisual\QuadVisual\Debug\QuadVisual.exe
  'pwsh.exe' is not recognized as an internal or external command,
  operable program or batch file.
